<testsuites name="Mocha Tests">
  <testsuite name="REST API test suite description" tests="7" errors="0" failures="0" skipped="0" timestamp="2022-04-22T12:15:07" time="0.113">
    <testcase classname="REST API test suite description" name="test case description" time="0.04">
    </testcase>
    <testcase classname="REST API test suite description" name="test case description" time="0.005">
    </testcase>
    <testcase classname="REST API test suite description" name="test case description" time="0.008">
    </testcase>
    <testcase classname="REST API test suite description" name="test case description" time="0.008">
    </testcase>
    <testcase classname="REST API test suite description" name="test case description" time="0.011">
    </testcase>
    <testcase classname="REST API test suite description" name="test case description" time="0.013">
    </testcase>
    <testcase classname="REST API test suite description" name="test case description" time="0.009">
    </testcase>
  </testsuite>
</testsuites>