<testsuites name="Mocha Tests">
  <testsuite name="test suite description" tests="1" errors="0" failures="0" skipped="0" timestamp="2022-04-14T10:43:40" time="0.017">
    <testcase classname="test suite description" name="test case description" time="0.003">
    </testcase>
  </testsuite>
</testsuites>