<testsuites name="Mocha Tests">
  <testsuite name="REST API test suite description" tests="7" errors="0" failures="0" skipped="0" timestamp="2022-04-21T08:00:12" time="0.074">
    <testcase classname="REST API test suite description" name="test case description" time="0.027">
    </testcase>
    <testcase classname="REST API test suite description" name="test case description" time="0.005">
    </testcase>
    <testcase classname="REST API test suite description" name="test case description" time="0.004">
    </testcase>
    <testcase classname="REST API test suite description" name="test case description" time="0.007">
    </testcase>
    <testcase classname="REST API test suite description" name="test case description" time="0.006">
    </testcase>
    <testcase classname="REST API test suite description" name="test case description" time="0.006">
    </testcase>
    <testcase classname="REST API test suite description" name="test case description" time="0.005">
    </testcase>
  </testsuite>
</testsuites>