<testsuites name="Mocha Tests">
  <testsuite name="REST API test suite description" tests="7" errors="0" failures="0" skipped="0" timestamp="2022-04-21T10:41:37" time="0.289">
    <testcase classname="REST API test suite description" name="test case description" time="0.046">
    </testcase>
    <testcase classname="REST API test suite description" name="test case description" time="0.011">
    </testcase>
    <testcase classname="REST API test suite description" name="test case description" time="0.009">
    </testcase>
    <testcase classname="REST API test suite description" name="test case description" time="0.008">
    </testcase>
    <testcase classname="REST API test suite description" name="test case description" time="0.005">
    </testcase>
    <testcase classname="REST API test suite description" name="test case description" time="0.009">
    </testcase>
    <testcase classname="REST API test suite description" name="test case description" time="0.143">
    </testcase>
  </testsuite>
</testsuites>